ButorWebAruhaz/app/build/intermediates/manifest_merge_blame_file/debug/processDebugMainManifest/manifest-merger-blame-debug-report.txt
1<?xml version="1.0" encoding="utf-8"?>
2<manifest xmlns:android="http://schemas.android.com/apk/res/android"
3    package="com.example.butorwebaruhaz"
4    android:versionCode="1"
5    android:versionName="1.0" >
6
7    <uses-sdk
8        android:minSdkVersion="24"
9        android:targetSdkVersion="34" />
10
11    <uses-feature
11-->src\main\AndroidManifest.xml:5:5-7:36
12        android:name="android.hardware.camera"
12-->src\main\AndroidManifest.xml:6:9-47
13        android:required="false" />
13-->src\main\AndroidManifest.xml:7:9-33
14
15    <uses-permission android:name="android.permission.INTERNET" />
15-->src\main\AndroidManifest.xml:9:5-67
15-->src\main\AndroidManifest.xml:9:22-64
16    <uses-permission
16-->src\main\AndroidManifest.xml:10:5-13:40
17        android:name="android.permission.WRITE_EXTERNAL_STORAGE"
17-->src\main\AndroidManifest.xml:11:9-65
18        android:maxSdkVersion="32" />
18-->src\main\AndroidManifest.xml:12:9-35
19    <uses-permission android:name="android.permission.CAMERA" />
19-->src\main\AndroidManifest.xml:14:5-65
19-->src\main\AndroidManifest.xml:14:22-62
20    <uses-permission
20-->src\main\AndroidManifest.xml:15:5-17:38
21        android:name="android.permission.READ_EXTERNAL_STORAGE"
21-->src\main\AndroidManifest.xml:16:9-64
22        android:maxSdkVersion="32" />
22-->src\main\AndroidManifest.xml:17:9-35
23    <uses-permission android:name="android.permission.ACCESS_NETWORK_STATE" />
23-->[com.google.firebase:firebase-auth:22.3.1] AndroidManifest.xml:26:5-79
23-->[com.google.firebase:firebase-auth:22.3.1] AndroidManifest.xml:26:22-76
24    <uses-permission android:name="android.permission.WAKE_LOCK" />
24-->[com.google.android.gms:play-services-measurement-api:21.6.2] AndroidManifest.xml:24:5-68
24-->[com.google.android.gms:play-services-measurement-api:21.6.2] AndroidManifest.xml:24:22-65
25    <uses-permission android:name="com.google.android.gms.permission.AD_ID" />
25-->[com.google.android.gms:play-services-measurement-api:21.6.2] AndroidManifest.xml:25:5-79
25-->[com.google.android.gms:play-services-measurement-api:21.6.2] AndroidManifest.xml:25:22-76
26    <uses-permission android:name="android.permission.ACCESS_ADSERVICES_ATTRIBUTION" />
26-->[com.google.android.gms:play-services-measurement-api:21.6.2] AndroidManifest.xml:26:5-88
26-->[com.google.android.gms:play-services-measurement-api:21.6.2] AndroidManifest.xml:26:22-85
27    <uses-permission android:name="android.permission.ACCESS_ADSERVICES_AD_ID" />
27-->[com.google.android.gms:play-services-measurement-api:21.6.2] AndroidManifest.xml:27:5-82
27-->[com.google.android.gms:play-services-measurement-api:21.6.2] AndroidManifest.xml:27:22-79
28    <uses-permission android:name="com.google.android.finsky.permission.BIND_GET_INSTALL_REFERRER_SERVICE" />
28-->[com.google.android.gms:play-services-measurement:21.6.2] AndroidManifest.xml:26:5-110
28-->[com.google.android.gms:play-services-measurement:21.6.2] AndroidManifest.xml:26:22-107
29    <uses-permission android:name="com.google.android.providers.gsf.permission.READ_GSERVICES" />
29-->[com.google.android.recaptcha:recaptcha:18.4.0] AndroidManifest.xml:9:5-98
29-->[com.google.android.recaptcha:recaptcha:18.4.0] AndroidManifest.xml:9:22-95
30
31    <permission
31-->[androidx.core:core:1.9.0] AndroidManifest.xml:22:5-24:47
32        android:name="com.example.butorwebaruhaz.DYNAMIC_RECEIVER_NOT_EXPORTED_PERMISSION"
32-->[androidx.core:core:1.9.0] AndroidManifest.xml:23:9-81
33        android:protectionLevel="signature" />
33-->[androidx.core:core:1.9.0] AndroidManifest.xml:24:9-44
34
35    <uses-permission android:name="com.example.butorwebaruhaz.DYNAMIC_RECEIVER_NOT_EXPORTED_PERMISSION" />
35-->[androidx.core:core:1.9.0] AndroidManifest.xml:26:5-97
35-->[androidx.core:core:1.9.0] AndroidManifest.xml:26:22-94
36
37    <application
37-->src\main\AndroidManifest.xml:19:5-54:19
38        android:allowBackup="true"
38-->src\main\AndroidManifest.xml:20:9-35
39        android:appComponentFactory="androidx.core.app.CoreComponentFactory"
39-->[androidx.core:core:1.9.0] AndroidManifest.xml:28:18-86
40        android:dataExtractionRules="@xml/data_extraction_rules"
40-->src\main\AndroidManifest.xml:21:9-65
41        android:debuggable="true"
42        android:extractNativeLibs="false"
43        android:fullBackupContent="@xml/backup_rules"
43-->src\main\AndroidManifest.xml:22:9-54
44        android:icon="@mipmap/ic_launcher"
44-->src\main\AndroidManifest.xml:23:9-43
45        android:label="@string/app_name"
45-->src\main\AndroidManifest.xml:24:9-41
46        android:roundIcon="@mipmap/ic_launcher_round"
46-->src\main\AndroidManifest.xml:25:9-54
47        android:supportsRtl="true"
47-->src\main\AndroidManifest.xml:26:9-35
48        android:theme="@style/Theme.ButorWebAruhaz" >
48-->src\main\AndroidManifest.xml:27:9-52
49        <activity
49-->src\main\AndroidManifest.xml:29:9-31:40
50            android:name="com.example.butorwebaruhaz.CartActivity"
50-->src\main\AndroidManifest.xml:30:13-41
51            android:exported="false" />
51-->src\main\AndroidManifest.xml:31:13-37
52        <activity
52-->src\main\AndroidManifest.xml:32:9-34:40
53            android:name="com.example.butorwebaruhaz.ItemUpdateAndDeleteActivity"
53-->src\main\AndroidManifest.xml:33:13-56
54            android:exported="false" />
54-->src\main\AndroidManifest.xml:34:13-37
55        <activity
55-->src\main\AndroidManifest.xml:35:9-37:40
56            android:name="com.example.butorwebaruhaz.AddItemActivity"
56-->src\main\AndroidManifest.xml:36:13-44
57            android:exported="false" />
57-->src\main\AndroidManifest.xml:37:13-37
58        <activity
58-->src\main\AndroidManifest.xml:38:9-40:40
59            android:name="com.example.butorwebaruhaz.HomeActivity"
59-->src\main\AndroidManifest.xml:39:13-41
60            android:exported="false" />
60-->src\main\AndroidManifest.xml:40:13-37
61        <activity
61-->src\main\AndroidManifest.xml:41:9-44:58
62            android:name="com.example.butorwebaruhaz.RegisterActivity"
62-->src\main\AndroidManifest.xml:42:13-45
63            android:exported="false"
63-->src\main\AndroidManifest.xml:43:13-37
64            android:parentActivityName="com.example.butorwebaruhaz.MainActivity" />
64-->src\main\AndroidManifest.xml:44:13-55
65        <activity
65-->src\main\AndroidManifest.xml:45:9-53:20
66            android:name="com.example.butorwebaruhaz.MainActivity"
66-->src\main\AndroidManifest.xml:46:13-41
67            android:exported="true" >
67-->src\main\AndroidManifest.xml:47:13-36
68            <intent-filter>
68-->src\main\AndroidManifest.xml:48:13-52:29
69                <action android:name="android.intent.action.MAIN" />
69-->src\main\AndroidManifest.xml:49:17-69
69-->src\main\AndroidManifest.xml:49:25-66
70
71                <category android:name="android.intent.category.LAUNCHER" />
71-->src\main\AndroidManifest.xml:51:17-77
71-->src\main\AndroidManifest.xml:51:27-74
72            </intent-filter>
73        </activity>
74        <activity
74-->[com.karumi:dexter:6.2.3] AndroidManifest.xml:27:9-29:72
75            android:name="com.karumi.dexter.DexterActivity"
75-->[com.karumi:dexter:6.2.3] AndroidManifest.xml:28:13-60
76            android:theme="@style/Dexter.Internal.Theme.Transparent" />
76-->[com.karumi:dexter:6.2.3] AndroidManifest.xml:29:13-69
77        <activity
77-->[com.google.firebase:firebase-auth:22.3.1] AndroidManifest.xml:29:9-46:20
78            android:name="com.google.firebase.auth.internal.GenericIdpActivity"
78-->[com.google.firebase:firebase-auth:22.3.1] AndroidManifest.xml:30:13-80
79            android:excludeFromRecents="true"
79-->[com.google.firebase:firebase-auth:22.3.1] AndroidManifest.xml:31:13-46
80            android:exported="true"
80-->[com.google.firebase:firebase-auth:22.3.1] AndroidManifest.xml:32:13-36
81            android:launchMode="singleTask"
81-->[com.google.firebase:firebase-auth:22.3.1] AndroidManifest.xml:33:13-44
82            android:theme="@android:style/Theme.Translucent.NoTitleBar" >
82-->[com.google.firebase:firebase-auth:22.3.1] AndroidManifest.xml:34:13-72
83            <intent-filter>
83-->[com.google.firebase:firebase-auth:22.3.1] AndroidManifest.xml:35:13-45:29
84                <action android:name="android.intent.action.VIEW" />
84-->[com.google.firebase:firebase-auth:22.3.1] AndroidManifest.xml:36:17-69
84-->[com.google.firebase:firebase-auth:22.3.1] AndroidManifest.xml:36:25-66
85
86                <category android:name="android.intent.category.DEFAULT" />
86-->[com.google.firebase:firebase-auth:22.3.1] AndroidManifest.xml:38:17-76
86-->[com.google.firebase:firebase-auth:22.3.1] AndroidManifest.xml:38:27-73
87                <category android:name="android.intent.category.BROWSABLE" />
87-->[com.google.firebase:firebase-auth:22.3.1] AndroidManifest.xml:39:17-78
87-->[com.google.firebase:firebase-auth:22.3.1] AndroidManifest.xml:39:27-75
88
89                <data
89-->[com.google.firebase:firebase-auth:22.3.1] AndroidManifest.xml:41:17-44:51
90                    android:host="firebase.auth"
90-->[com.google.firebase:firebase-auth:22.3.1] AndroidManifest.xml:42:21-49
91                    android:path="/"
91-->[com.google.firebase:firebase-auth:22.3.1] AndroidManifest.xml:43:21-37
92                    android:scheme="genericidp" />
92-->[com.google.firebase:firebase-auth:22.3.1] AndroidManifest.xml:44:21-48
93            </intent-filter>
94        </activity>
95        <activity
95-->[com.google.firebase:firebase-auth:22.3.1] AndroidManifest.xml:47:9-64:20
96            android:name="com.google.firebase.auth.internal.RecaptchaActivity"
96-->[com.google.firebase:firebase-auth:22.3.1] AndroidManifest.xml:48:13-79
97            android:excludeFromRecents="true"
97-->[com.google.firebase:firebase-auth:22.3.1] AndroidManifest.xml:49:13-46
98            android:exported="true"
98-->[com.google.firebase:firebase-auth:22.3.1] AndroidManifest.xml:50:13-36
99            android:launchMode="singleTask"
99-->[com.google.firebase:firebase-auth:22.3.1] AndroidManifest.xml:51:13-44
100            android:theme="@android:style/Theme.Translucent.NoTitleBar" >
100-->[com.google.firebase:firebase-auth:22.3.1] AndroidManifest.xml:52:13-72
101            <intent-filter>
101-->[com.google.firebase:firebase-auth:22.3.1] AndroidManifest.xml:53:13-63:29
102                <action android:name="android.intent.action.VIEW" />
102-->[com.google.firebase:firebase-auth:22.3.1] AndroidManifest.xml:36:17-69
102-->[com.google.firebase:firebase-auth:22.3.1] AndroidManifest.xml:36:25-66
103
104                <category android:name="android.intent.category.DEFAULT" />
104-->[com.google.firebase:firebase-auth:22.3.1] AndroidManifest.xml:38:17-76
104-->[com.google.firebase:firebase-auth:22.3.1] AndroidManifest.xml:38:27-73
105                <category android:name="android.intent.category.BROWSABLE" />
105-->[com.google.firebase:firebase-auth:22.3.1] AndroidManifest.xml:39:17-78
105-->[com.google.firebase:firebase-auth:22.3.1] AndroidManifest.xml:39:27-75
106
107                <data
107-->[com.google.firebase:firebase-auth:22.3.1] AndroidManifest.xml:41:17-44:51
108                    android:host="firebase.auth"
108-->[com.google.firebase:firebase-auth:22.3.1] AndroidManifest.xml:42:21-49
109                    android:path="/"
109-->[com.google.firebase:firebase-auth:22.3.1] AndroidManifest.xml:43:21-37
110                    android:scheme="recaptcha" />
110-->[com.google.firebase:firebase-auth:22.3.1] AndroidManifest.xml:44:21-48
111            </intent-filter>
112        </activity>
113
114        <service
114-->[com.google.firebase:firebase-auth:22.3.1] AndroidManifest.xml:66:9-72:19
115            android:name="com.google.firebase.components.ComponentDiscoveryService"
115-->[com.google.firebase:firebase-auth:22.3.1] AndroidManifest.xml:67:13-84
116            android:directBootAware="true"
116-->[com.google.firebase:firebase-common:20.4.3] AndroidManifest.xml:32:13-43
117            android:exported="false" >
117-->[com.google.firebase:firebase-auth:22.3.1] AndroidManifest.xml:68:13-37
118            <meta-data
118-->[com.google.firebase:firebase-auth:22.3.1] AndroidManifest.xml:69:13-71:85
119                android:name="com.google.firebase.components:com.google.firebase.auth.FirebaseAuthRegistrar"
119-->[com.google.firebase:firebase-auth:22.3.1] AndroidManifest.xml:70:17-109
120                android:value="com.google.firebase.components.ComponentRegistrar" />
120-->[com.google.firebase:firebase-auth:22.3.1] AndroidManifest.xml:71:17-82
121            <meta-data
121-->[com.google.firebase:firebase-firestore:24.11.1] AndroidManifest.xml:17:13-19:85
122                android:name="com.google.firebase.components:com.google.firebase.firestore.FirebaseFirestoreKtxRegistrar"
122-->[com.google.firebase:firebase-firestore:24.11.1] AndroidManifest.xml:18:17-122
123                android:value="com.google.firebase.components.ComponentRegistrar" />
123-->[com.google.firebase:firebase-firestore:24.11.1] AndroidManifest.xml:19:17-82
124            <meta-data
124-->[com.google.firebase:firebase-firestore:24.11.1] AndroidManifest.xml:20:13-22:85
125                android:name="com.google.firebase.components:com.google.firebase.firestore.FirestoreRegistrar"
125-->[com.google.firebase:firebase-firestore:24.11.1] AndroidManifest.xml:21:17-111
126                android:value="com.google.firebase.components.ComponentRegistrar" />
126-->[com.google.firebase:firebase-firestore:24.11.1] AndroidManifest.xml:22:17-82
127            <meta-data
127-->[com.google.firebase:firebase-storage:20.3.0] AndroidManifest.xml:30:13-32:85
128                android:name="com.google.firebase.components:com.google.firebase.storage.FirebaseStorageKtxRegistrar"
128-->[com.google.firebase:firebase-storage:20.3.0] AndroidManifest.xml:31:17-118
129                android:value="com.google.firebase.components.ComponentRegistrar" />
129-->[com.google.firebase:firebase-storage:20.3.0] AndroidManifest.xml:32:17-82
130            <meta-data
130-->[com.google.firebase:firebase-storage:20.3.0] AndroidManifest.xml:33:13-35:85
131                android:name="com.google.firebase.components:com.google.firebase.storage.StorageRegistrar"
131-->[com.google.firebase:firebase-storage:20.3.0] AndroidManifest.xml:34:17-107
132                android:value="com.google.firebase.components.ComponentRegistrar" />
132-->[com.google.firebase:firebase-storage:20.3.0] AndroidManifest.xml:35:17-82
133            <meta-data
133-->[com.google.firebase:firebase-appcheck:17.1.2] AndroidManifest.xml:25:13-27:85
134                android:name="com.google.firebase.components:com.google.firebase.appcheck.FirebaseAppCheckKtxRegistrar"
134-->[com.google.firebase:firebase-appcheck:17.1.2] AndroidManifest.xml:26:17-120
135                android:value="com.google.firebase.components.ComponentRegistrar" />
135-->[com.google.firebase:firebase-appcheck:17.1.2] AndroidManifest.xml:27:17-82
136            <meta-data
136-->[com.google.firebase:firebase-appcheck:17.1.2] AndroidManifest.xml:28:13-30:85
137                android:name="com.google.firebase.components:com.google.firebase.appcheck.FirebaseAppCheckRegistrar"
137-->[com.google.firebase:firebase-appcheck:17.1.2] AndroidManifest.xml:29:17-117
138                android:value="com.google.firebase.components.ComponentRegistrar" />
138-->[com.google.firebase:firebase-appcheck:17.1.2] AndroidManifest.xml:30:17-82
139            <meta-data
139-->[com.google.android.gms:play-services-measurement-api:21.6.2] AndroidManifest.xml:37:13-39:85
140                android:name="com.google.firebase.components:com.google.firebase.analytics.connector.internal.AnalyticsConnectorRegistrar"
140-->[com.google.android.gms:play-services-measurement-api:21.6.2] AndroidManifest.xml:38:17-139
141                android:value="com.google.firebase.components.ComponentRegistrar" />
141-->[com.google.android.gms:play-services-measurement-api:21.6.2] AndroidManifest.xml:39:17-82
142            <meta-data
142-->[com.google.firebase:firebase-installations:17.2.0] AndroidManifest.xml:15:13-17:85
143                android:name="com.google.firebase.components:com.google.firebase.installations.FirebaseInstallationsKtxRegistrar"
143-->[com.google.firebase:firebase-installations:17.2.0] AndroidManifest.xml:16:17-130
144                android:value="com.google.firebase.components.ComponentRegistrar" />
144-->[com.google.firebase:firebase-installations:17.2.0] AndroidManifest.xml:17:17-82
145            <meta-data
145-->[com.google.firebase:firebase-installations:17.2.0] AndroidManifest.xml:18:13-20:85
146                android:name="com.google.firebase.components:com.google.firebase.installations.FirebaseInstallationsRegistrar"
146-->[com.google.firebase:firebase-installations:17.2.0] AndroidManifest.xml:19:17-127
147                android:value="com.google.firebase.components.ComponentRegistrar" />
147-->[com.google.firebase:firebase-installations:17.2.0] AndroidManifest.xml:20:17-82
148            <meta-data
148-->[com.google.firebase:firebase-common-ktx:20.4.3] AndroidManifest.xml:12:13-14:85
149                android:name="com.google.firebase.components:com.google.firebase.ktx.FirebaseCommonLegacyRegistrar"
149-->[com.google.firebase:firebase-common-ktx:20.4.3] AndroidManifest.xml:13:17-116
150                android:value="com.google.firebase.components.ComponentRegistrar" />
150-->[com.google.firebase:firebase-common-ktx:20.4.3] AndroidManifest.xml:14:17-82
151            <meta-data
151-->[com.google.firebase:firebase-common:20.4.3] AndroidManifest.xml:35:13-37:85
152                android:name="com.google.firebase.components:com.google.firebase.FirebaseCommonKtxRegistrar"
152-->[com.google.firebase:firebase-common:20.4.3] AndroidManifest.xml:36:17-109
153                android:value="com.google.firebase.components.ComponentRegistrar" />
153-->[com.google.firebase:firebase-common:20.4.3] AndroidManifest.xml:37:17-82
154        </service>
155
156        <property
156-->[com.google.android.gms:play-services-measurement-api:21.6.2] AndroidManifest.xml:30:9-32:61
157            android:name="android.adservices.AD_SERVICES_CONFIG"
157-->[com.google.android.gms:play-services-measurement-api:21.6.2] AndroidManifest.xml:31:13-65
158            android:resource="@xml/ga_ad_services_config" />
158-->[com.google.android.gms:play-services-measurement-api:21.6.2] AndroidManifest.xml:32:13-58
159
160        <provider
160-->[com.google.firebase:firebase-common:20.4.3] AndroidManifest.xml:23:9-28:39
161            android:name="com.google.firebase.provider.FirebaseInitProvider"
161-->[com.google.firebase:firebase-common:20.4.3] AndroidManifest.xml:24:13-77
162            android:authorities="com.example.butorwebaruhaz.firebaseinitprovider"
162-->[com.google.firebase:firebase-common:20.4.3] AndroidManifest.xml:25:13-72
163            android:directBootAware="true"
163-->[com.google.firebase:firebase-common:20.4.3] AndroidManifest.xml:26:13-43
164            android:exported="false"
164-->[com.google.firebase:firebase-common:20.4.3] AndroidManifest.xml:27:13-37
165            android:initOrder="100" />
165-->[com.google.firebase:firebase-common:20.4.3] AndroidManifest.xml:28:13-36
166
167        <receiver
167-->[com.google.android.gms:play-services-measurement:21.6.2] AndroidManifest.xml:29:9-33:20
168            android:name="com.google.android.gms.measurement.AppMeasurementReceiver"
168-->[com.google.android.gms:play-services-measurement:21.6.2] AndroidManifest.xml:30:13-85
169            android:enabled="true"
169-->[com.google.android.gms:play-services-measurement:21.6.2] AndroidManifest.xml:31:13-35
170            android:exported="false" >
170-->[com.google.android.gms:play-services-measurement:21.6.2] AndroidManifest.xml:32:13-37
171        </receiver>
172
173        <service
173-->[com.google.android.gms:play-services-measurement:21.6.2] AndroidManifest.xml:35:9-38:40
174            android:name="com.google.android.gms.measurement.AppMeasurementService"
174-->[com.google.android.gms:play-services-measurement:21.6.2] AndroidManifest.xml:36:13-84
175            android:enabled="true"
175-->[com.google.android.gms:play-services-measurement:21.6.2] AndroidManifest.xml:37:13-35
176            android:exported="false" />
176-->[com.google.android.gms:play-services-measurement:21.6.2] AndroidManifest.xml:38:13-37
177        <service
177-->[com.google.android.gms:play-services-measurement:21.6.2] AndroidManifest.xml:39:9-43:72
178            android:name="com.google.android.gms.measurement.AppMeasurementJobService"
178-->[com.google.android.gms:play-services-measurement:21.6.2] AndroidManifest.xml:40:13-87
179            android:enabled="true"
179-->[com.google.android.gms:play-services-measurement:21.6.2] AndroidManifest.xml:41:13-35
180            android:exported="false"
180-->[com.google.android.gms:play-services-measurement:21.6.2] AndroidManifest.xml:42:13-37
181            android:permission="android.permission.BIND_JOB_SERVICE" />
181-->[com.google.android.gms:play-services-measurement:21.6.2] AndroidManifest.xml:43:13-69
182
183        <activity
183-->[com.google.android.gms:play-services-base:18.1.0] AndroidManifest.xml:20:9-22:45
184            android:name="com.google.android.gms.common.api.GoogleApiActivity"
184-->[com.google.android.gms:play-services-base:18.1.0] AndroidManifest.xml:20:19-85
185            android:exported="false"
185-->[com.google.android.gms:play-services-base:18.1.0] AndroidManifest.xml:22:19-43
186            android:theme="@android:style/Theme.Translucent.NoTitleBar" />
186-->[com.google.android.gms:play-services-base:18.1.0] AndroidManifest.xml:21:19-78
187
188        <provider
188-->[androidx.emoji2:emoji2:1.2.0] AndroidManifest.xml:24:9-32:20
189            android:name="androidx.startup.InitializationProvider"
189-->[androidx.emoji2:emoji2:1.2.0] AndroidManifest.xml:25:13-67
190            android:authorities="com.example.butorwebaruhaz.androidx-startup"
190-->[androidx.emoji2:emoji2:1.2.0] AndroidManifest.xml:26:13-68
191            android:exported="false" >
191-->[androidx.emoji2:emoji2:1.2.0] AndroidManifest.xml:27:13-37
192            <meta-data
192-->[androidx.emoji2:emoji2:1.2.0] AndroidManifest.xml:29:13-31:52
193                android:name="androidx.emoji2.text.EmojiCompatInitializer"
193-->[androidx.emoji2:emoji2:1.2.0] AndroidManifest.xml:30:17-75
194                android:value="androidx.startup" />
194-->[androidx.emoji2:emoji2:1.2.0] AndroidManifest.xml:31:17-49
195            <meta-data
195-->[androidx.lifecycle:lifecycle-process:2.6.1] AndroidManifest.xml:29:13-31:52
196                android:name="androidx.lifecycle.ProcessLifecycleInitializer"
196-->[androidx.lifecycle:lifecycle-process:2.6.1] AndroidManifest.xml:30:17-78
197                android:value="androidx.startup" />
197-->[androidx.lifecycle:lifecycle-process:2.6.1] AndroidManifest.xml:31:17-49
198            <meta-data
198-->[androidx.profileinstaller:profileinstaller:1.3.0] AndroidManifest.xml:29:13-31:52
199                android:name="androidx.profileinstaller.ProfileInstallerInitializer"
199-->[androidx.profileinstaller:profileinstaller:1.3.0] AndroidManifest.xml:30:17-85
200                android:value="androidx.startup" />
200-->[androidx.profileinstaller:profileinstaller:1.3.0] AndroidManifest.xml:31:17-49
201        </provider>
202
203        <uses-library
203-->[androidx.privacysandbox.ads:ads-adservices:1.0.0-beta05] AndroidManifest.xml:23:9-25:40
204            android:name="android.ext.adservices"
204-->[androidx.privacysandbox.ads:ads-adservices:1.0.0-beta05] AndroidManifest.xml:24:13-50
205            android:required="false" />
205-->[androidx.privacysandbox.ads:ads-adservices:1.0.0-beta05] AndroidManifest.xml:25:13-37
206
207        <meta-data
207-->[com.google.android.gms:play-services-basement:18.3.0] AndroidManifest.xml:21:9-23:69
208            android:name="com.google.android.gms.version"
208-->[com.google.android.gms:play-services-basement:18.3.0] AndroidManifest.xml:22:13-58
209            android:value="@integer/google_play_services_version" />
209-->[com.google.android.gms:play-services-basement:18.3.0] AndroidManifest.xml:23:13-66
210
211        <receiver
211-->[androidx.profileinstaller:profileinstaller:1.3.0] AndroidManifest.xml:34:9-52:20
212            android:name="androidx.profileinstaller.ProfileInstallReceiver"
212-->[androidx.profileinstaller:profileinstaller:1.3.0] AndroidManifest.xml:35:13-76
213            android:directBootAware="false"
213-->[androidx.profileinstaller:profileinstaller:1.3.0] AndroidManifest.xml:36:13-44
214            android:enabled="true"
214-->[androidx.profileinstaller:profileinstaller:1.3.0] AndroidManifest.xml:37:13-35
215            android:exported="true"
215-->[androidx.profileinstaller:profileinstaller:1.3.0] AndroidManifest.xml:38:13-36
216            android:permission="android.permission.DUMP" >
216-->[androidx.profileinstaller:profileinstaller:1.3.0] AndroidManifest.xml:39:13-57
217            <intent-filter>
217-->[androidx.profileinstaller:profileinstaller:1.3.0] AndroidManifest.xml:40:13-42:29
218                <action android:name="androidx.profileinstaller.action.INSTALL_PROFILE" />
218-->[androidx.profileinstaller:profileinstaller:1.3.0] AndroidManifest.xml:41:17-91
218-->[androidx.profileinstaller:profileinstaller:1.3.0] AndroidManifest.xml:41:25-88
219            </intent-filter>
220            <intent-filter>
220-->[androidx.profileinstaller:profileinstaller:1.3.0] AndroidManifest.xml:43:13-45:29
221                <action android:name="androidx.profileinstaller.action.SKIP_FILE" />
221-->[androidx.profileinstaller:profileinstaller:1.3.0] AndroidManifest.xml:44:17-85
221-->[androidx.profileinstaller:profileinstaller:1.3.0] AndroidManifest.xml:44:25-82
222            </intent-filter>
223            <intent-filter>
223-->[androidx.profileinstaller:profileinstaller:1.3.0] AndroidManifest.xml:46:13-48:29
224                <action android:name="androidx.profileinstaller.action.SAVE_PROFILE" />
224-->[androidx.profileinstaller:profileinstaller:1.3.0] AndroidManifest.xml:47:17-88
224-->[androidx.profileinstaller:profileinstaller:1.3.0] AndroidManifest.xml:47:25-85
225            </intent-filter>
226            <intent-filter>
226-->[androidx.profileinstaller:profileinstaller:1.3.0] AndroidManifest.xml:49:13-51:29
227                <action android:name="androidx.profileinstaller.action.BENCHMARK_OPERATION" />
227-->[androidx.profileinstaller:profileinstaller:1.3.0] AndroidManifest.xml:50:17-95
227-->[androidx.profileinstaller:profileinstaller:1.3.0] AndroidManifest.xml:50:25-92
228            </intent-filter>
229        </receiver>
230    </application>
231
232</manifest>